<?xml version="1.0" encoding="UTF-8"?>
<Site BuildName="(empty)"
	BuildStamp="20250420-0556-Experimental"
	Name="lch-virtual-machine"
	Generator="ctest-3.22.1"
	CompilerName="/usr/bin/g++"
	CompilerVersion="11.4.0"
	OSName="Linux"
	Hostname="lch-virtual-machine"
	OSRelease="6.8.0-57-generic"
	OSVersion="#59~22.04.1-Ubuntu SMP PREEMPT_DYNAMIC Wed Mar 19 17:07:41 UTC 2"
	OSPlatform="x86_64"
	Is64Bits="1"
	VendorString="AuthenticAMD"
	VendorID="Advanced Micro Devices"
	FamilyID="25"
	ModelID="80"
	ProcessorCacheSize="512"
	NumberOfLogicalCPU="8"
	NumberOfPhysicalCPU="8"
	TotalVirtualMemory="2047"
	TotalPhysicalMemory="32050"
	LogicalProcessorsPerPhysical="1"
	ProcessorClockFrequency="3792.73"
	>
	<Testing>
		<StartDateTime>Apr 21 05:25 KST</StartDateTime>
		<StartTestTime>1745180743</StartTestTime>
		<TestList/>
		<EndDateTime>Apr 21 05:25 KST</EndDateTime>
		<EndTestTime>1745180743</EndTestTime>
		<ElapsedMinutes>0</ElapsedMinutes>
	</Testing>
</Site>
