<?xml version="1.0" encoding="UTF-8"?>
<Site BuildName="(empty)"
	BuildStamp="20250228-1150-Experimental"
	Name="lch-virtual-machine"
	Generator="ctest-3.22.1"
	CompilerName="/usr/bin/g++"
	CompilerVersion="11.4.0"
	OSName="Linux"
	Hostname="lch-virtual-machine"
	OSRelease="6.8.0-52-generic"
	OSVersion="#53~22.04.1-Ubuntu SMP PREEMPT_DYNAMIC Wed Jan 15 19:18:46 UTC 2"
	OSPlatform="x86_64"
	Is64Bits="1"
	VendorString="AuthenticAMD"
	VendorID="Advanced Micro Devices"
	FamilyID="25"
	ModelID="80"
	ProcessorCacheSize="512"
	NumberOfLogicalCPU="6"
	NumberOfPhysicalCPU="6"
	TotalVirtualMemory="2047"
	TotalPhysicalMemory="32050"
	LogicalProcessorsPerPhysical="1"
	ProcessorClockFrequency="3792.73"
	>
	<Testing>
		<StartDateTime>Feb 28 21:42 KST</StartDateTime>
		<StartTestTime>1740746573</StartTestTime>
		<TestList/>
		<EndDateTime>Feb 28 21:42 KST</EndDateTime>
		<EndTestTime>1740746573</EndTestTime>
		<ElapsedMinutes>0</ElapsedMinutes>
	</Testing>
</Site>
